<?xml version="1.0" encoding="UTF-8"?>
<!-- Generated by org.testng.reporters.JUnitReportReporter -->
<testsuite hostname="Priyanka_Acer" name="com.qa.pms.testcases.LoginPageTest" tests="1" failures="0" timestamp="28 May 2019 13:50:11 GMT" time="25.728" errors="0">
  <testcase name="validateBlankUserPassword" time="25.728" classname="com.qa.pms.testcases.LoginPageTest"/>
</testsuite> <!-- com.qa.pms.testcases.LoginPageTest -->
